2025-09-07 13:53:00 | INFO | repo=tictactoe | action=pull
2025-03-14 10:03:00 | INFO | repo=tictactoe | action=commit
2025-04-21 18:07:00 | WARN | repo=tictactoe | action=commit
2025-01-02 16:24:00 | DEBUG | repo=tictactoe | action=commit
2025-02-11 15:39:00 | WARN | repo=tictactoe | action=commit
2025-02-18 07:34:00 | DEBUG | repo=tictactoe | action=commit
2025-06-15 10:17:00 | INFO | repo=tictactoe | action=commit
2025-10-21 08:52:00 | INFO | repo=tictactoe | action=commit
2025-12-16 08:43:00 | DEBUG | repo=tictactoe | action=pull
2025-01-13 14:31:00 | WARN | repo=tictactoe | action=commit
2025-01-03 10:52:00 | INFO | repo=tictactoe | action=edit | files=1
2025-11-27 09:25:00 | WARN | repo=tictactoe | action=commit
2025-06-13 15:25:00 | WARN | repo=tictactoe | action=commit
2025-02-08 14:35:00 | WARN | repo=tictactoe | action=commit
2025-07-05 08:52:00 | WARN | repo=tictactoe | action=commit
2025-06-19 21:31:00 | DEBUG | repo=tictactoe | action=commit
2025-04-24 08:27:00 | DEBUG | repo=tictactoe | action=commit
2025-10-19 13:32:00 | INFO | repo=tictactoe | action=commit
2025-07-27 10:03:00 | DEBUG | repo=tictactoe | action=commit
2025-05-05 12:16:00 | INFO | repo=tictactoe | action=test | passed=true
2025-09-24 13:19:00 | DEBUG | repo=tictactoe | action=commit
2025-07-26 07:29:00 | DEBUG | repo=tictactoe | action=commit
2025-04-11 12:36:00 | DEBUG | repo=tictactoe | action=commit
2025-05-26 07:53:00 | INFO | repo=tictactoe | action=commit
2025-01-25 07:27:00 | DEBUG | repo=tictactoe | action=commit
2025-03-19 11:28:00 | WARN | repo=tictactoe | action=commit
2025-10-17 17:54:00 | DEBUG | repo=tictactoe | action=commit
2025-08-21 21:48:00 | INFO | repo=tictactoe | action=commit
2025-11-25 09:44:00 | WARN | repo=tictactoe | action=commit
2025-07-06 09:02:00 | WARN | repo=tictactoe | action=commit
2025-06-22 07:48:00 | WARN | repo=tictactoe | action=edit | files=3
2025-06-05 16:03:00 | WARN | repo=tictactoe | action=commit
2025-10-24 08:04:00 | DEBUG | repo=tictactoe | action=commit
2025-11-03 07:46:00 | WARN | repo=tictactoe | action=commit
2025-12-27 08:15:00 | WARN | repo=tictactoe | action=commit
2025-11-03 08:49:00 | WARN | repo=tictactoe | action=commit
2025-04-06 18:06:00 | INFO | repo=tictactoe | action=commit
2025-06-18 07:43:00 | INFO | repo=tictactoe | action=commit
2025-09-08 12:09:00 | WARN | repo=tictactoe | action=commit
2025-09-12 09:55:00 | DEBUG | repo=tictactoe | action=commit
2025-04-15 14:06:00 | DEBUG | repo=tictactoe | action=edit | files=1
2025-08-02 08:50:00 | DEBUG | repo=tictactoe | action=commit
2025-03-12 10:58:00 | WARN | repo=tictactoe | action=commit
2025-03-16 07:56:00 | INFO | repo=tictactoe | action=commit
2025-11-02 15:49:00 | INFO | repo=tictactoe | action=commit
2025-09-15 13:22:00 | DEBUG | repo=tictactoe | action=commit
2025-03-01 21:18:00 | WARN | repo=tictactoe | action=commit
2025-06-11 07:27:00 | DEBUG | repo=tictactoe | action=pull
2025-12-17 07:11:00 | WARN | repo=tictactoe | action=commit
2025-08-09 11:05:00 | DEBUG | repo=tictactoe | action=commit
2025-10-08 18:51:00 | DEBUG | repo=tictactoe | action=commit
2025-10-17 16:24:00 | INFO | repo=tictactoe | action=commit
2025-08-06 18:04:00 | INFO | repo=tictactoe | action=commit
2025-07-22 16:48:00 | INFO | repo=tictactoe | action=commit
2025-10-17 20:33:00 | DEBUG | repo=tictactoe | action=commit
2025-09-20 15:10:00 | WARN | repo=tictactoe | action=commit
2025-06-09 18:00:00 | INFO | repo=tictactoe | action=commit
2025-09-13 08:23:00 | INFO | repo=tictactoe | action=commit
2025-02-28 15:15:00 | DEBUG | repo=tictactoe | action=test | passed=true
2025-05-24 21:20:00 | DEBUG | repo=tictactoe | action=test | passed=true
2025-12-11 21:40:00 | INFO | repo=tictactoe | action=test | passed=true
2025-01-17 13:54:00 | DEBUG | repo=tictactoe | action=commit
2025-05-08 08:20:00 | INFO | repo=tictactoe | action=commit
2025-05-25 20:36:00 | DEBUG | repo=tictactoe | action=commit
2025-05-17 13:56:00 | WARN | repo=tictactoe | action=commit
2025-02-04 14:54:00 | DEBUG | repo=tictactoe | action=commit
2025-10-23 20:43:00 | INFO | repo=tictactoe | action=commit
2025-08-27 07:54:00 | DEBUG | repo=tictactoe | action=commit
2025-11-27 07:52:00 | DEBUG | repo=tictactoe | action=commit
2025-12-23 11:56:00 | DEBUG | repo=tictactoe | action=commit
2025-07-28 17:06:00 | INFO | repo=tictactoe | action=commit
2025-03-13 09:22:00 | DEBUG | repo=tictactoe | action=commit
2025-08-27 11:24:00 | INFO | repo=tictactoe | action=commit
2025-11-13 07:51:00 | INFO | repo=tictactoe | action=commit
2025-01-22 16:52:00 | INFO | repo=tictactoe | action=commit
2025-11-07 19:21:00 | WARN | repo=tictactoe | action=commit
2025-05-28 20:30:00 | INFO | repo=tictactoe | action=commit
2025-06-05 19:58:00 | WARN | repo=tictactoe | action=commit
2025-03-11 08:15:00 | DEBUG | repo=tictactoe | action=commit
2025-09-02 09:56:00 | INFO | repo=tictactoe | action=edit | files=1
2025-09-16 17:31:00 | INFO | repo=tictactoe | action=commit
2025-10-24 21:16:00 | DEBUG | repo=tictactoe | action=commit
2025-10-28 16:04:00 | WARN | repo=tictactoe | action=commit
2025-07-06 19:58:00 | INFO | repo=tictactoe | action=commit
2025-01-04 09:56:00 | WARN | repo=tictactoe | action=commit
2025-08-10 20:36:00 | WARN | repo=tictactoe | action=edit | files=3
2025-09-08 11:15:00 | WARN | repo=tictactoe | action=commit
2025-05-27 13:25:00 | WARN | repo=tictactoe | action=commit
2025-12-05 07:22:00 | DEBUG | repo=tictactoe | action=test | passed=true
2025-04-16 11:34:00 | INFO | repo=tictactoe | action=commit
2025-10-18 09:17:00 | WARN | repo=tictactoe | action=commit
2025-05-04 17:57:00 | DEBUG | repo=tictactoe | action=commit
2025-09-06 17:15:00 | INFO | repo=tictactoe | action=commit
2025-04-04 08:44:00 | WARN | repo=tictactoe | action=commit
2025-02-19 21:29:00 | DEBUG | repo=tictactoe | action=commit
2025-08-20 15:39:00 | INFO | repo=tictactoe | action=commit
2025-10-08 16:56:00 | INFO | repo=tictactoe | action=commit
2025-02-22 20:37:00 | WARN | repo=tictactoe | action=test | passed=true
2025-03-12 11:42:00 | INFO | repo=tictactoe | action=commit
2025-08-19 13:26:00 | WARN | repo=tictactoe | action=commit
2025-04-03 07:54:00 | INFO | repo=tictactoe | action=commit
2025-08-28 15:16:00 | INFO | repo=tictactoe | action=commit
2025-08-20 08:33:00 | DEBUG | repo=tictactoe | action=commit
2025-02-01 17:44:00 | DEBUG | repo=tictactoe | action=commit
2025-10-02 21:00:00 | DEBUG | repo=tictactoe | action=test | passed=true
2025-02-28 11:13:00 | DEBUG | repo=tictactoe | action=commit
